c:\users\lenovo\documents\studies\semester3\rtes\exercise\exercise_01\freertos\chatterbox-app\win32-msvc\debug\vc141.pdb
c:\users\lenovo\documents\studies\semester3\rtes\exercise\exercise_01\freertos\chatterbox-app\win32-msvc\debug\vc141.idb
c:\users\lenovo\documents\studies\semester3\rtes\exercise\exercise_01\freertos\chatterbox-app\win32-msvc\debug\croutine.obj
c:\users\lenovo\documents\studies\semester3\rtes\exercise\exercise_01\freertos\chatterbox-app\win32-msvc\debug\event_groups.obj
c:\users\lenovo\documents\studies\semester3\rtes\exercise\exercise_01\freertos\chatterbox-app\win32-msvc\debug\heap_5.obj
c:\users\lenovo\documents\studies\semester3\rtes\exercise\exercise_01\freertos\chatterbox-app\win32-msvc\debug\stream_buffer.obj
c:\users\lenovo\documents\studies\semester3\rtes\exercise\exercise_01\freertos\chatterbox-app\win32-msvc\debug\timers.obj
c:\users\lenovo\documents\studies\semester3\rtes\exercise\exercise_01\freertos\chatterbox-app\win32-msvc\debug\main.obj
c:\users\lenovo\documents\studies\semester3\rtes\exercise\exercise_01\freertos\chatterbox-app\win32-msvc\debug\list.obj
c:\users\lenovo\documents\studies\semester3\rtes\exercise\exercise_01\freertos\chatterbox-app\win32-msvc\debug\port.obj
c:\users\lenovo\documents\studies\semester3\rtes\exercise\exercise_01\freertos\chatterbox-app\win32-msvc\debug\queue.obj
c:\users\lenovo\documents\studies\semester3\rtes\exercise\exercise_01\freertos\chatterbox-app\win32-msvc\debug\tasks.obj
c:\users\lenovo\documents\studies\semester3\rtes\exercise\exercise_01\freertos\chatterbox-app\win32-msvc\debug\main_exercise.obj
c:\users\lenovo\documents\studies\semester3\rtes\exercise\exercise_01\freertos\chatterbox-app\win32-msvc\debug\rtosdemo.ilk
c:\users\lenovo\documents\studies\semester3\rtes\exercise\exercise_01\freertos\chatterbox-app\win32-msvc\debug\win32.pdb
c:\users\lenovo\documents\studies\semester3\rtes\exercise\exercise_01\freertos\chatterbox-app\win32-msvc\.\debug\rtosdemo.exe
c:\users\lenovo\documents\studies\semester3\rtes\exercise\exercise_01\freertos\chatterbox-app\win32-msvc\debug\rtosdemo.tlog\cl.command.1.tlog
c:\users\lenovo\documents\studies\semester3\rtes\exercise\exercise_01\freertos\chatterbox-app\win32-msvc\debug\rtosdemo.tlog\cl.read.1.tlog
c:\users\lenovo\documents\studies\semester3\rtes\exercise\exercise_01\freertos\chatterbox-app\win32-msvc\debug\rtosdemo.tlog\cl.write.1.tlog
c:\users\lenovo\documents\studies\semester3\rtes\exercise\exercise_01\freertos\chatterbox-app\win32-msvc\debug\rtosdemo.tlog\link.command.1.tlog
c:\users\lenovo\documents\studies\semester3\rtes\exercise\exercise_01\freertos\chatterbox-app\win32-msvc\debug\rtosdemo.tlog\link.read.1.tlog
c:\users\lenovo\documents\studies\semester3\rtes\exercise\exercise_01\freertos\chatterbox-app\win32-msvc\debug\rtosdemo.tlog\link.write.1.tlog
